This is pdfTeX, Version 3.141592653-2.6-1.40.26 (TeX Live 2024/Arch Linux) (preloaded format=pdflatex 2024.4.7)  8 APR 2024 14:00
entering extended mode
 restricted \write18 enabled.
 %&-line parsing enabled.
**definiciones.tex
(./definiciones.tex
LaTeX2e <2023-11-01> patch level 1
L3 programming layer <2024-02-20>
)
*
! Emergency stop.
<*> 
    
End of file on the terminal!

 
Here is how much of TeX's memory you used:
 46 strings out of 475508
 583 string characters out of 5782137
 1925187 words of memory out of 5000000
 22410 multiletter control sequences out of 15000+600000
 558069 words of font info for 36 fonts, out of 8000000 for 9000
 290 hyphenation exceptions out of 8191
 12i,0n,13p,98b,8s stack positions out of 10000i,1000n,20000p,200000b,200000s
!  ==> Fatal error occurred, no output PDF file produced!
